Using pre-set license
Built from '2021.3/staging' branch; Version is '2021.3.15f1 (e8e88683f834) revision 15263878'; Using compiler version '192829333'; Build Type 'Release'
OS: 'Windows 11  (10.0.22621) 64bit Core' Language: 'en' Physical Memory: 16015 MB
BatchMode: 1, IsHumanControllingUs: 0, StartBugReporterOnCrash: 0, Is64bit: 1, IsPro: 1

COMMAND LINE ARGUMENTS:
C:\Program Files\Unity\Hub\Editor\2021.3.15f1\Editor\Unity.exe
-adb2
-batchMode
-noUpm
-name
AssetImportWorker11
-projectPath
D:/IntroAnimationSystems
-logFile
Logs/AssetImportWorker11.log
-srvPort
62132
Successfully changed project path to: D:/IntroAnimationSystems
D:/IntroAnimationSystems
[UnityMemory] Configuration Parameters - Can be set up in boot.config
    "memorysetup-bucket-allocator-granularity=16"
    "memorysetup-bucket-allocator-bucket-count=8"
    "memorysetup-bucket-allocator-block-size=33554432"
    "memorysetup-bucket-allocator-block-count=8"
    "memorysetup-main-allocator-block-size=16777216"
    "memorysetup-thread-allocator-block-size=16777216"
    "memorysetup-gfx-main-allocator-block-size=16777216"
    "memorysetup-gfx-thread-allocator-block-size=16777216"
    "memorysetup-cache-allocator-block-size=4194304"
    "memorysetup-typetree-allocator-block-size=2097152"
    "memorysetup-profiler-bucket-allocator-granularity=16"
    "memorysetup-profiler-bucket-allocator-bucket-count=8"
    "memorysetup-profiler-bucket-allocator-block-size=33554432"
    "memorysetup-profiler-bucket-allocator-block-count=8"
    "memorysetup-profiler-allocator-block-size=16777216"
    "memorysetup-profiler-editor-allocator-block-size=1048576"
    "memorysetup-temp-allocator-size-main=16777216"
    "memorysetup-job-temp-allocator-block-size=2097152"
    "memorysetup-job-temp-allocator-block-size-background=1048576"
    "memorysetup-job-temp-allocator-reduction-small-platforms=262144"
    "memorysetup-temp-allocator-size-background-worker=32768"
    "memorysetup-temp-allocator-size-job-worker=262144"
    "memorysetup-temp-allocator-size-preload-manager=33554432"
    "memorysetup-temp-allocator-size-nav-mesh-worker=65536"
    "memorysetup-temp-allocator-size-audio-worker=65536"
    "memorysetup-temp-allocator-size-cloud-worker=32768"
    "memorysetup-temp-allocator-size-gi-baking-worker=262144"
    "memorysetup-temp-allocator-size-gfx=262144"
Player connection [29684] Host "[IP] 192.168.1.162 [Port] 0 [Flags] 2 [Guid] 2972643017 [EditorId] 2972643017 [Version] 1048832 [Id] WindowsEditor(7,DESKTOP-UA2QPC9) [Debug] 1 [PackageName] WindowsEditor [ProjectName] Editor" joined multi-casting on [225.0.0.222:54997]...

Player connection [29684] Host "[IP] 192.168.1.162 [Port] 0 [Flags] 2 [Guid] 2972643017 [EditorId] 2972643017 [Version] 1048832 [Id] WindowsEditor(7,DESKTOP-UA2QPC9) [Debug] 1 [PackageName] WindowsEditor [ProjectName] Editor" joined alternative multi-casting on [225.0.0.222:34997]...

Refreshing native plugins compatible for Editor in 98.99 ms, found 3 plugins.
Preloading 0 native plugins for Editor in 0.00 ms.
Initialize engine version: 2021.3.15f1 (e8e88683f834)
[Subsystems] Discovering subsystems at path C:/Program Files/Unity/Hub/Editor/2021.3.15f1/Editor/Data/Resources/UnitySubsystems
[Subsystems] Discovering subsystems at path D:/IntroAnimationSystems/Assets
GfxDevice: creating device client; threaded=0; jobified=0
Direct3D:
    Version:  Direct3D 11.0 [level 11.1]
    Renderer: NVIDIA GeForce MX330 (ID=0x1d16)
    Vendor:   NVIDIA
    VRAM:     1982 MB
    Driver:   31.0.15.2849
Initialize mono
Mono path[0] = 'C:/Program Files/Unity/Hub/Editor/2021.3.15f1/Editor/Data/Managed'
Mono path[1] = 'C:/Program Files/Unity/Hub/Editor/2021.3.15f1/Editor/Data/MonoBleedingEdge/lib/mono/unityjit-win32'
Mono config path = 'C:/Program Files/Unity/Hub/Editor/2021.3.15f1/Editor/Data/MonoBleedingEdge/etc'
Using monoOptions --debugger-agent=transport=dt_socket,embedding=1,server=y,suspend=n,address=127.0.0.1:56596
Begin MonoManager ReloadAssembly
Registering precompiled unity dll's ...
Register platform support module: C:/Program Files/Unity/Hub/Editor/2021.3.15f1/Editor/Data/PlaybackEngines/WebGLSupport/UnityEditor.WebGL.Extensions.dll
Register platform support module: C:/Program Files/Unity/Hub/Editor/2021.3.15f1/Editor/Data/PlaybackEngines/AndroidPlayer/UnityEditor.Android.Extensions.dll
Register platform support module: C:/Program Files/Unity/Hub/Editor/2021.3.15f1/Editor/Data/PlaybackEngines/WindowsStandaloneSupport/UnityEditor.WindowsStandalone.Extensions.dll
Register platform support module: C:/Program Files/Unity/Hub/Editor/2021.3.15f1/Editor/Data/PlaybackEngines/MetroSupport/UnityEditor.UWP.Extensions.dll
Registered in 0.003770 seconds.
Native extension for UWP target not found
Native extension for WindowsStandalone target not found
Native extension for Android target not found
Native extension for WebGL target not found
Refreshing native plugins compatible for Editor in 79.79 ms, found 3 plugins.
Preloading 0 native plugins for Editor in 0.00 ms.
Mono: successfully reloaded assembly
- Completed reload, in  0.593 seconds
Domain Reload Profiling:
	ReloadAssembly (594ms)
		BeginReloadAssembly (59ms)
			ExecutionOrderSort (0ms)
			DisableScriptedObjects (0ms)
			BackupInstance (0ms)
			ReleaseScriptingObjects (0ms)
			CreateAndSetChildDomain (1ms)
		EndReloadAssembly (440ms)
			LoadAssemblies (58ms)
			RebuildTransferFunctionScriptingTraits (0ms)
			SetupTypeCache (98ms)
			ReleaseScriptCaches (0ms)
			RebuildScriptCaches (28ms)
			SetupLoadedEditorAssemblies (272ms)
				LogAssemblyErrors (0ms)
				InitializePlatformSupportModulesInManaged (50ms)
				SetLoadedEditorAssemblies (0ms)
				RefreshPlugins (80ms)
				BeforeProcessingInitializeOnLoad (2ms)
				ProcessInitializeOnLoadAttributes (97ms)
				ProcessInitializeOnLoadMethodAttributes (43ms)
				AfterProcessingInitializeOnLoad (0ms)
				EditorAssembliesLoaded (0ms)
			ExecutionOrderSort2 (0ms)
			AwakeInstancesAfterBackupRestoration (0ms)
Platform modules already initialized, skipping
Registering precompiled user dll's ...
Registered in 0.002571 seconds.
Android Extension - Scanning For ADB Devices 4555 ms
Begin MonoManager ReloadAssembly
Symbol file LoadedFromMemory doesn't match image D:\IntroAnimationSystems\Library\PackageCache\com.unity.visualscripting@1.7.8\Editor\VisualScripting.Core\Dependencies\YamlDotNet\Unity.VisualScripting.YamlDotNet.dll
Symbol file LoadedFromMemory doesn't match image D:\IntroAnimationSystems\Library\PackageCache\com.unity.visualscripting@1.7.8\Editor\VisualScripting.Core\Dependencies\DotNetZip\Unity.VisualScripting.IonicZip.dll
Native extension for UWP target not found
Native extension for WindowsStandalone target not found
Native extension for Android target not found
Native extension for WebGL target not found
Refreshing native plugins compatible for Editor in 0.76 ms, found 3 plugins.
Preloading 0 native plugins for Editor in 0.00 ms.
Package Manager log level set to [2]
Mono: successfully reloaded assembly
- Completed reload, in  6.928 seconds
Domain Reload Profiling:
	ReloadAssembly (6929ms)
		BeginReloadAssembly (135ms)
			ExecutionOrderSort (0ms)
			DisableScriptedObjects (9ms)
			BackupInstance (0ms)
			ReleaseScriptingObjects (0ms)
			CreateAndSetChildDomain (22ms)
		EndReloadAssembly (6267ms)
			LoadAssemblies (5103ms)
			RebuildTransferFunctionScriptingTraits (0ms)
			SetupTypeCache (337ms)
			ReleaseScriptCaches (1ms)
			RebuildScriptCaches (60ms)
			SetupLoadedEditorAssemblies (729ms)
				LogAssemblyErrors (0ms)
				InitializePlatformSupportModulesInManaged (17ms)
				SetLoadedEditorAssemblies (1ms)
				RefreshPlugins (1ms)
				BeforeProcessingInitializeOnLoad (105ms)
				ProcessInitializeOnLoadAttributes (571ms)
				ProcessInitializeOnLoadMethodAttributes (29ms)
				AfterProcessingInitializeOnLoad (5ms)
				EditorAssembliesLoaded (0ms)
			ExecutionOrderSort2 (0ms)
			AwakeInstancesAfterBackupRestoration (5ms)
Platform modules already initialized, skipping
========================================================================
Worker process is ready to serve import requests
Launched and connected shader compiler UnityShaderCompiler.exe after 0.04 seconds
Refreshing native plugins compatible for Editor in 1.30 ms, found 3 plugins.
Preloading 0 native plugins for Editor in 0.00 ms.
Unloading 3452 Unused Serialized files (Serialized files now loaded: 0)
Unloading 28 unused Assets / (113.8 KB). Loaded Objects now: 3912.
Memory consumption went from 118.4 MB to 118.3 MB.
Total: 6.225100 ms (FindLiveObjects: 0.354700 ms CreateObjectMapping: 0.125100 ms MarkObjects: 5.423800 ms  DeleteObjects: 0.319600 ms)

AssetImportParameters requested are different than current active one (requested -> active):
  custom:video-decoder-ogg-theora: a1e56fd34408186e4bbccfd4996cb3dc -> 
  custom:container-muxer-webm: aa71ff27fc2769a1b78a27578f13a17b -> 
  custom:container-demuxer-webm: 4f35f7cbe854078d1ac9338744f61a02 -> 
  custom:video-encoder-webm-vp8: eb34c28f22e8b96e1ab97ce403110664 -> 
  custom:audio-encoder-webm-vorbis: bf7c407c2cedff20999df2af8eb42d56 -> 
  custom:framework-win-MediaFoundation: 216162199b28c13a410421893ffa2e32 -> 
  custom:container-demuxer-ogg: 62fdf1f143b41e24485cea50d1cbac27 -> 
  custom:video-decoder-webm-vp8: 9c59270c3fd7afecdb556c50c9e8de78 -> 
  custom:audio-decoder-ogg-vorbis: bf7c407c2cedff20999df2af8eb42d56 -> 
========================================================================
Received Import Request.
  Time since last request: 80678.167284 seconds.
  path: Assets/2.4 - Cutting Imported Animation Clips/HumanoidRun.fbx
  artifactKey: Guid(1cb8ed3cbba15f0479fbae54e0a963df) Importer(815301076,1909f56bfc062723c751e8b465ee728b)
Start importing Assets/2.4 - Cutting Imported Animation Clips/HumanoidRun.fbx using Guid(1cb8ed3cbba15f0479fbae54e0a963df) Importer(815301076,1909f56bfc062723c751e8b465ee728b)  -> (artifact id: '10eff129b8473c2b8b59cf91c71ffc2b') in 0.078090 seconds 
========================================================================
Received Import Request.
  Time since last request: 269.154580 seconds.
  path: Assets/2.4 - Cutting Imported Animation Clips/HumanoidRun.fbx
  artifactKey: Guid(1cb8ed3cbba15f0479fbae54e0a963df) Importer(815301076,1909f56bfc062723c751e8b465ee728b)
Start importing Assets/2.4 - Cutting Imported Animation Clips/HumanoidRun.fbx using Guid(1cb8ed3cbba15f0479fbae54e0a963df) Importer(815301076,1909f56bfc062723c751e8b465ee728b)  -> (artifact id: '29e07ca24cc93707f3c345cc5cd8f81b') in 0.006612 seconds 
========================================================================
Received Import Request.
  Time since last request: 173.470093 seconds.
  path: Assets/2.4 - Cutting Imported Animation Clips/HumanoidRun.fbx
  artifactKey: Guid(1cb8ed3cbba15f0479fbae54e0a963df) Importer(815301076,1909f56bfc062723c751e8b465ee728b)
Start importing Assets/2.4 - Cutting Imported Animation Clips/HumanoidRun.fbx using Guid(1cb8ed3cbba15f0479fbae54e0a963df) Importer(815301076,1909f56bfc062723c751e8b465ee728b)  -> (artifact id: 'cf7521c556a468f23b4c7aa3cc8c4184') in 0.007706 seconds 
========================================================================
Received Import Request.
  Time since last request: 54.670260 seconds.
  path: Assets/2.4 - Cutting Imported Animation Clips/HumanoidRun.fbx
  artifactKey: Guid(1cb8ed3cbba15f0479fbae54e0a963df) Importer(815301076,1909f56bfc062723c751e8b465ee728b)
Start importing Assets/2.4 - Cutting Imported Animation Clips/HumanoidRun.fbx using Guid(1cb8ed3cbba15f0479fbae54e0a963df) Importer(815301076,1909f56bfc062723c751e8b465ee728b)  -> (artifact id: '4635ac7a038be025b75237a28a833f4e') in 0.005877 seconds 
========================================================================
Received Import Request.
  Time since last request: 78.585745 seconds.
  path: Assets/2.4 - Cutting Imported Animation Clips/HumanoidRun.fbx
  artifactKey: Guid(1cb8ed3cbba15f0479fbae54e0a963df) Importer(815301076,1909f56bfc062723c751e8b465ee728b)
Start importing Assets/2.4 - Cutting Imported Animation Clips/HumanoidRun.fbx using Guid(1cb8ed3cbba15f0479fbae54e0a963df) Importer(815301076,1909f56bfc062723c751e8b465ee728b)  -> (artifact id: '9c1a717b85d9a9e2b93a661548f2aa5b') in 0.008896 seconds 
========================================================================
Received Import Request.
  Time since last request: 264.887050 seconds.
  path: Assets/2.7 - Creating Animation Events/Scenes
  artifactKey: Guid(29373c62e5d642846aee95f84b2d0238) Importer(815301076,1909f56bfc062723c751e8b465ee728b)
Start importing Assets/2.7 - Creating Animation Events/Scenes using Guid(29373c62e5d642846aee95f84b2d0238) Importer(815301076,1909f56bfc062723c751e8b465ee728b)  -> (artifact id: '768ebf870df8759744b8925e3665013f') in 0.034527 seconds 
========================================================================
Received Import Request.
  Time since last request: 2.533715 seconds.
  path: Assets/2.7 - Creating Animation Events/Scenes/AnimationEventsWithContext.unity
  artifactKey: Guid(bc33b7e98c12ab24090c472a6d1fa531) Importer(815301076,1909f56bfc062723c751e8b465ee728b)
Start importing Assets/2.7 - Creating Animation Events/Scenes/AnimationEventsWithContext.unity using Guid(bc33b7e98c12ab24090c472a6d1fa531) Importer(815301076,1909f56bfc062723c751e8b465ee728b)  -> (artifact id: '9e55b1f022883bb900ed4d02f4935ee3') in 0.004857 seconds 
========================================================================
Received Import Request.
  Time since last request: 270.572326 seconds.
  path: Assets/2.7 - Creating Animation Events/AnimationClips/Bounce.anim
  artifactKey: Guid(7fa88353229181345b78df1ba85822a6) Importer(815301076,1909f56bfc062723c751e8b465ee728b)
Start importing Assets/2.7 - Creating Animation Events/AnimationClips/Bounce.anim using Guid(7fa88353229181345b78df1ba85822a6) Importer(815301076,1909f56bfc062723c751e8b465ee728b)  -> (artifact id: 'b3a2800f5a3e5df111affc11fd99aa87') in 0.014014 seconds 
========================================================================
Received Import Request.
  Time since last request: 465.547272 seconds.
  path: Assets/3.3 - Creating and configuring Animator States/Scenes
  artifactKey: Guid(ae24c5835a0a1f9478de752ab46b4bd7) Importer(815301076,1909f56bfc062723c751e8b465ee728b)
Start importing Assets/3.3 - Creating and configuring Animator States/Scenes using Guid(ae24c5835a0a1f9478de752ab46b4bd7) Importer(815301076,1909f56bfc062723c751e8b465ee728b)  -> (artifact id: '3b599fedebfa25abcf1a812b30b950a8') in 0.051467 seconds 
========================================================================
Received Import Request.
  Time since last request: 0.865334 seconds.
  path: Assets/3.3 - Creating and configuring Animator States/Scenes/AnimatorStateSettingsExample.unity
  artifactKey: Guid(c51cf078effe3eb4b9bb3522fce03e0b) Importer(815301076,1909f56bfc062723c751e8b465ee728b)
Start importing Assets/3.3 - Creating and configuring Animator States/Scenes/AnimatorStateSettingsExample.unity using Guid(c51cf078effe3eb4b9bb3522fce03e0b) Importer(815301076,1909f56bfc062723c751e8b465ee728b)  -> (artifact id: 'e192514b04847851e2c2930bacaf1acb') in 0.006832 seconds 
========================================================================
Received Import Request.
  Time since last request: 38.199147 seconds.
  path: Assets/3.3 - Creating and configuring Animator States/Models/MazeLowMan.fbx
  artifactKey: Guid(2cbb1bc947f7eba4ab1be8a3d63d8c0c) Importer(815301076,1909f56bfc062723c751e8b465ee728b)
Start importing Assets/3.3 - Creating and configuring Animator States/Models/MazeLowMan.fbx using Guid(2cbb1bc947f7eba4ab1be8a3d63d8c0c) Importer(815301076,1909f56bfc062723c751e8b465ee728b)  -> (artifact id: '16260b3e91e2d4b75e95c25d7e76f874') in 0.152547 seconds 
========================================================================
Received Import Request.
  Time since last request: 2.173914 seconds.
  path: Assets/3.3 - Creating and configuring Animator States/Animators/StateSpeedController.controller
  artifactKey: Guid(ef4d305951e0f1c4e8dc578c7ef33723) Importer(815301076,1909f56bfc062723c751e8b465ee728b)
Start importing Assets/3.3 - Creating and configuring Animator States/Animators/StateSpeedController.controller using Guid(ef4d305951e0f1c4e8dc578c7ef33723) Importer(815301076,1909f56bfc062723c751e8b465ee728b)  -> (artifact id: 'c8c4af2a6c7f1168d24004e086c4048f') in 0.009349 seconds 
========================================================================
Received Import Request.
  Time since last request: 71.192512 seconds.
  path: Assets/3.3 - Creating and configuring Animator States/AnimationClips/HumanoidRun.fbx
  artifactKey: Guid(fdeb6e7e96d6e2e4585e0659af1ef684) Importer(815301076,1909f56bfc062723c751e8b465ee728b)
Start importing Assets/3.3 - Creating and configuring Animator States/AnimationClips/HumanoidRun.fbx using Guid(fdeb6e7e96d6e2e4585e0659af1ef684) Importer(815301076,1909f56bfc062723c751e8b465ee728b)  -> (artifact id: '88c67aa79ef68054e7c332767c7e4bd9') in 0.144321 seconds 
========================================================================
Received Prepare
Registering precompiled user dll's ...
Registered in 0.002839 seconds.
Begin MonoManager ReloadAssembly
Symbol file LoadedFromMemory doesn't match image D:\IntroAnimationSystems\Library\PackageCache\com.unity.visualscripting@1.7.8\Editor\VisualScripting.Core\Dependencies\YamlDotNet\Unity.VisualScripting.YamlDotNet.dll
Symbol file LoadedFromMemory doesn't match image D:\IntroAnimationSystems\Library\PackageCache\com.unity.visualscripting@1.7.8\Editor\VisualScripting.Core\Dependencies\DotNetZip\Unity.VisualScripting.IonicZip.dll
Native extension for UWP target not found
Native extension for WindowsStandalone target not found
Native extension for Android target not found
Native extension for WebGL target not found
Refreshing native plugins compatible for Editor in 0.64 ms, found 3 plugins.
Preloading 0 native plugins for Editor in 0.00 ms.
Mono: successfully reloaded assembly
- Completed reload, in  1.248 seconds
Domain Reload Profiling:
	ReloadAssembly (1248ms)
		BeginReloadAssembly (157ms)
			ExecutionOrderSort (0ms)
			DisableScriptedObjects (7ms)
			BackupInstance (0ms)
			ReleaseScriptingObjects (0ms)
			CreateAndSetChildDomain (52ms)
		EndReloadAssembly (996ms)
			LoadAssemblies (96ms)
			RebuildTransferFunctionScriptingTraits (0ms)
			SetupTypeCache (383ms)
			ReleaseScriptCaches (2ms)
			RebuildScriptCaches (52ms)
			SetupLoadedEditorAssemblies (405ms)
				LogAssemblyErrors (0ms)
				InitializePlatformSupportModulesInManaged (25ms)
				SetLoadedEditorAssemblies (1ms)
				RefreshPlugins (1ms)
				BeforeProcessingInitializeOnLoad (78ms)
				ProcessInitializeOnLoadAttributes (266ms)
				ProcessInitializeOnLoadMethodAttributes (30ms)
				AfterProcessingInitializeOnLoad (5ms)
				EditorAssembliesLoaded (0ms)
			ExecutionOrderSort2 (0ms)
			AwakeInstancesAfterBackupRestoration (7ms)
Platform modules already initialized, skipping
Refreshing native plugins compatible for Editor in 1.79 ms, found 3 plugins.
Preloading 0 native plugins for Editor in 0.00 ms.
Unloading 3447 Unused Serialized files (Serialized files now loaded: 0)
Unloading 20 unused Assets / (80.1 KB). Loaded Objects now: 3960.
Memory consumption went from 123.1 MB to 123.0 MB.
Total: 3.306500 ms (FindLiveObjects: 0.284300 ms CreateObjectMapping: 0.111100 ms MarkObjects: 2.812600 ms  DeleteObjects: 0.097000 ms)

AssetImportParameters requested are different than current active one (requested -> active):
  custom:video-decoder-ogg-theora: a1e56fd34408186e4bbccfd4996cb3dc -> 
  custom:container-muxer-webm: aa71ff27fc2769a1b78a27578f13a17b -> 
  custom:container-demuxer-webm: 4f35f7cbe854078d1ac9338744f61a02 -> 
  custom:video-encoder-webm-vp8: eb34c28f22e8b96e1ab97ce403110664 -> 
  custom:audio-encoder-webm-vorbis: bf7c407c2cedff20999df2af8eb42d56 -> 
  custom:framework-win-MediaFoundation: 216162199b28c13a410421893ffa2e32 -> 
  custom:container-demuxer-ogg: 62fdf1f143b41e24485cea50d1cbac27 -> 
  custom:video-decoder-webm-vp8: 9c59270c3fd7afecdb556c50c9e8de78 -> 
  custom:audio-decoder-ogg-vorbis: bf7c407c2cedff20999df2af8eb42d56 -> 
========================================================================
Received Import Request.
  Time since last request: 119.664709 seconds.
  path: Assets/3.3 - Creating and configuring Animator States/Animators
  artifactKey: Guid(ab96e8f8b53c4664babea8453f306655) Importer(815301076,1909f56bfc062723c751e8b465ee728b)
Start importing Assets/3.3 - Creating and configuring Animator States/Animators using Guid(ab96e8f8b53c4664babea8453f306655) Importer(815301076,1909f56bfc062723c751e8b465ee728b)  -> (artifact id: 'ebe7b5eac4ded7e3068b1743139e2c71') in 0.103190 seconds 
========================================================================
Received Import Request.
  Time since last request: 146.735428 seconds.
  path: Assets/3.3 - Creating and configuring Animator States/Animators/StateSpeedController.controller
  artifactKey: Guid(ef4d305951e0f1c4e8dc578c7ef33723) Importer(815301076,1909f56bfc062723c751e8b465ee728b)
Start importing Assets/3.3 - Creating and configuring Animator States/Animators/StateSpeedController.controller using Guid(ef4d305951e0f1c4e8dc578c7ef33723) Importer(815301076,1909f56bfc062723c751e8b465ee728b)  -> (artifact id: 'ae8ad8885ae4cd38fb7659d0359b568a') in 0.017016 seconds 
========================================================================
Received Prepare
Registering precompiled user dll's ...
Registered in 0.003219 seconds.
Begin MonoManager ReloadAssembly
Symbol file LoadedFromMemory doesn't match image D:\IntroAnimationSystems\Library\PackageCache\com.unity.visualscripting@1.7.8\Editor\VisualScripting.Core\Dependencies\YamlDotNet\Unity.VisualScripting.YamlDotNet.dll
Symbol file LoadedFromMemory doesn't match image D:\IntroAnimationSystems\Library\PackageCache\com.unity.visualscripting@1.7.8\Editor\VisualScripting.Core\Dependencies\DotNetZip\Unity.VisualScripting.IonicZip.dll
Native extension for UWP target not found
Native extension for WindowsStandalone target not found
Native extension for Android target not found
Native extension for WebGL target not found
Refreshing native plugins compatible for Editor in 0.66 ms, found 3 plugins.
Preloading 0 native plugins for Editor in 0.00 ms.
Mono: successfully reloaded assembly
- Completed reload, in  1.195 seconds
Domain Reload Profiling:
	ReloadAssembly (1195ms)
		BeginReloadAssembly (150ms)
			ExecutionOrderSort (0ms)
			DisableScriptedObjects (6ms)
			BackupInstance (0ms)
			ReleaseScriptingObjects (0ms)
			CreateAndSetChildDomain (45ms)
		EndReloadAssembly (947ms)
			LoadAssemblies (94ms)
			RebuildTransferFunctionScriptingTraits (0ms)
			SetupTypeCache (327ms)
			ReleaseScriptCaches (2ms)
			RebuildScriptCaches (50ms)
			SetupLoadedEditorAssemblies (393ms)
				LogAssemblyErrors (0ms)
				InitializePlatformSupportModulesInManaged (28ms)
				SetLoadedEditorAssemblies (1ms)
				RefreshPlugins (1ms)
				BeforeProcessingInitializeOnLoad (71ms)
				ProcessInitializeOnLoadAttributes (258ms)
				ProcessInitializeOnLoadMethodAttributes (28ms)
				AfterProcessingInitializeOnLoad (7ms)
				EditorAssembliesLoaded (0ms)
			ExecutionOrderSort2 (0ms)
			AwakeInstancesAfterBackupRestoration (7ms)
Platform modules already initialized, skipping
Refreshing native plugins compatible for Editor in 1.43 ms, found 3 plugins.
Preloading 0 native plugins for Editor in 0.00 ms.
Unloading 3447 Unused Serialized files (Serialized files now loaded: 0)
Unloading 20 unused Assets / (80.3 KB). Loaded Objects now: 3964.
Memory consumption went from 123.1 MB to 123.0 MB.
Total: 3.184700 ms (FindLiveObjects: 0.342300 ms CreateObjectMapping: 0.235800 ms MarkObjects: 2.504700 ms  DeleteObjects: 0.100500 ms)

AssetImportParameters requested are different than current active one (requested -> active):
  custom:video-decoder-ogg-theora: a1e56fd34408186e4bbccfd4996cb3dc -> 
  custom:container-muxer-webm: aa71ff27fc2769a1b78a27578f13a17b -> 
  custom:container-demuxer-webm: 4f35f7cbe854078d1ac9338744f61a02 -> 
  custom:video-encoder-webm-vp8: eb34c28f22e8b96e1ab97ce403110664 -> 
  custom:audio-encoder-webm-vorbis: bf7c407c2cedff20999df2af8eb42d56 -> 
  custom:framework-win-MediaFoundation: 216162199b28c13a410421893ffa2e32 -> 
  custom:container-demuxer-ogg: 62fdf1f143b41e24485cea50d1cbac27 -> 
  custom:video-decoder-webm-vp8: 9c59270c3fd7afecdb556c50c9e8de78 -> 
  custom:audio-decoder-ogg-vorbis: bf7c407c2cedff20999df2af8eb42d56 -> 
========================================================================
Received Import Request.
  Time since last request: 304.470612 seconds.
  path: Assets/3.4 - Creating and configuring Blend Trees/Scenes/1DBlendTrees.unity
  artifactKey: Guid(4701a9082d7cc7f4fb3d22e101c5c575) Importer(815301076,1909f56bfc062723c751e8b465ee728b)
Start importing Assets/3.4 - Creating and configuring Blend Trees/Scenes/1DBlendTrees.unity using Guid(4701a9082d7cc7f4fb3d22e101c5c575) Importer(815301076,1909f56bfc062723c751e8b465ee728b)  -> (artifact id: '5a1d7f76d8bb945bcc65b1d7e46a7c2a') in 0.016438 seconds 
========================================================================
Received Import Request.
  Time since last request: 3.163019 seconds.
  path: Assets/3.4 - Creating and configuring Blend Trees/Scenes/2DFreeformCartesianBlendTrees.unity
  artifactKey: Guid(f3f131b0cc0c2bc4b83dbdcc56ff111a) Importer(815301076,1909f56bfc062723c751e8b465ee728b)
Start importing Assets/3.4 - Creating and configuring Blend Trees/Scenes/2DFreeformCartesianBlendTrees.unity using Guid(f3f131b0cc0c2bc4b83dbdcc56ff111a) Importer(815301076,1909f56bfc062723c751e8b465ee728b)  -> (artifact id: '762ede55dc383b4a002973bab489e2c2') in 0.007003 seconds 
========================================================================
Received Import Request.
  Time since last request: 390.888065 seconds.
  path: Assets/3.4 - Creating and configuring Blend Trees/Animators/WalkRunBlending.controller
  artifactKey: Guid(fdc365aa32cd1ff4eac2f05dd86b1150) Importer(815301076,1909f56bfc062723c751e8b465ee728b)
Start importing Assets/3.4 - Creating and configuring Blend Trees/Animators/WalkRunBlending.controller using Guid(fdc365aa32cd1ff4eac2f05dd86b1150) Importer(815301076,1909f56bfc062723c751e8b465ee728b)  -> (artifact id: '65b74a48314a85c0f49eac2dfcc33e69') in 0.023010 seconds 
========================================================================
Received Import Request.
  Time since last request: 228.394860 seconds.
  path: Assets/3.4 - Creating and configuring Blend Trees/AnimationClips/HumanoidRun.fbx
  artifactKey: Guid(6b827d262f41b4045979b2aaffbbf40f) Importer(815301076,1909f56bfc062723c751e8b465ee728b)
Start importing Assets/3.4 - Creating and configuring Blend Trees/AnimationClips/HumanoidRun.fbx using Guid(6b827d262f41b4045979b2aaffbbf40f) Importer(815301076,1909f56bfc062723c751e8b465ee728b)  -> (artifact id: '50fe3891deb047e19602aaa7d626a597') in 0.148215 seconds 
========================================================================
Received Import Request.
  Time since last request: 0.000021 seconds.
  path: Assets/3.4 - Creating and configuring Blend Trees/AnimationClips/HumanoidWalkTurn.fbx
  artifactKey: Guid(24c8ad5837e7a4d4ab88419f86025825) Importer(815301076,1909f56bfc062723c751e8b465ee728b)
Start importing Assets/3.4 - Creating and configuring Blend Trees/AnimationClips/HumanoidWalkTurn.fbx using Guid(24c8ad5837e7a4d4ab88419f86025825) Importer(815301076,1909f56bfc062723c751e8b465ee728b)  -> (artifact id: '3ac09087babf9933e1684f9485f8fdd0') in 0.015641 seconds 
========================================================================
Received Prepare
Registering precompiled user dll's ...
Registered in 0.003020 seconds.
Begin MonoManager ReloadAssembly
Symbol file LoadedFromMemory doesn't match image D:\IntroAnimationSystems\Library\PackageCache\com.unity.visualscripting@1.7.8\Editor\VisualScripting.Core\Dependencies\YamlDotNet\Unity.VisualScripting.YamlDotNet.dll
Symbol file LoadedFromMemory doesn't match image D:\IntroAnimationSystems\Library\PackageCache\com.unity.visualscripting@1.7.8\Editor\VisualScripting.Core\Dependencies\DotNetZip\Unity.VisualScripting.IonicZip.dll
Native extension for UWP target not found
Native extension for WindowsStandalone target not found
Native extension for Android target not found
Native extension for WebGL target not found
Refreshing native plugins compatible for Editor in 1.05 ms, found 3 plugins.
Preloading 0 native plugins for Editor in 0.00 ms.
Mono: successfully reloaded assembly
- Completed reload, in  1.245 seconds
Domain Reload Profiling:
	ReloadAssembly (1246ms)
		BeginReloadAssembly (163ms)
			ExecutionOrderSort (0ms)
			DisableScriptedObjects (5ms)
			BackupInstance (0ms)
			ReleaseScriptingObjects (0ms)
			CreateAndSetChildDomain (43ms)
		EndReloadAssembly (966ms)
			LoadAssemblies (111ms)
			RebuildTransferFunctionScriptingTraits (0ms)
			SetupTypeCache (360ms)
			ReleaseScriptCaches (2ms)
			RebuildScriptCaches (51ms)
			SetupLoadedEditorAssemblies (407ms)
				LogAssemblyErrors (0ms)
				InitializePlatformSupportModulesInManaged (30ms)
				SetLoadedEditorAssemblies (1ms)
				RefreshPlugins (1ms)
				BeforeProcessingInitializeOnLoad (79ms)
				ProcessInitializeOnLoadAttributes (262ms)
				ProcessInitializeOnLoadMethodAttributes (27ms)
				AfterProcessingInitializeOnLoad (6ms)
				EditorAssembliesLoaded (0ms)
			ExecutionOrderSort2 (0ms)
			AwakeInstancesAfterBackupRestoration (7ms)
Platform modules already initialized, skipping
Refreshing native plugins compatible for Editor in 1.55 ms, found 3 plugins.
Preloading 0 native plugins for Editor in 0.00 ms.
Unloading 3447 Unused Serialized files (Serialized files now loaded: 0)
Unloading 20 unused Assets / (80.2 KB). Loaded Objects now: 3968.
Memory consumption went from 123.1 MB to 123.1 MB.
Total: 3.146100 ms (FindLiveObjects: 0.252900 ms CreateObjectMapping: 0.116300 ms MarkObjects: 2.685900 ms  DeleteObjects: 0.089500 ms)

AssetImportParameters requested are different than current active one (requested -> active):
  custom:video-decoder-ogg-theora: a1e56fd34408186e4bbccfd4996cb3dc -> 
  custom:container-muxer-webm: aa71ff27fc2769a1b78a27578f13a17b -> 
  custom:container-demuxer-webm: 4f35f7cbe854078d1ac9338744f61a02 -> 
  custom:video-encoder-webm-vp8: eb34c28f22e8b96e1ab97ce403110664 -> 
  custom:audio-encoder-webm-vorbis: bf7c407c2cedff20999df2af8eb42d56 -> 
  custom:framework-win-MediaFoundation: 216162199b28c13a410421893ffa2e32 -> 
  custom:container-demuxer-ogg: 62fdf1f143b41e24485cea50d1cbac27 -> 
  custom:video-decoder-webm-vp8: 9c59270c3fd7afecdb556c50c9e8de78 -> 
  custom:audio-decoder-ogg-vorbis: bf7c407c2cedff20999df2af8eb42d56 -> 
